[    0.000000] Initializing cgroup subsys cpuset
[    0.000000] Initializing cgroup subsys cpu
[    0.000000] Initializing cgroup subsys cpuacct
[    0.000000] Linux version 4.4.0-138-generic (buildd@lcy01-amd64-006) (gcc version 5.4.0 20160609 (Ubuntu 5.4.0-6ubuntu1~16.04.10) ) #164-Ubuntu SMP Tue Oct 2 17:16:02 UTC 2018 (Ubuntu 4.4.0-138.164-generic 4.4.155)
[    0.000000] Command line: BOOT_IMAGE=/boot/vmlinuz-4.4.0-138-generic root=LABEL=cloudimg-rootfs ro console=tty1 console=ttyS0
[    0.000000] KERNEL supported cpus:
[    0.000000]   Intel GenuineIntel
[    0.000000]   AMD AuthenticAMD
[    0.000000]   Centaur CentaurHauls
[    0.000000] x86/fpu: xstate_offset[2]:  576, xstate_sizes[2]:  256
[    0.000000] x86/fpu: Supporting XSAVE feature 0x01: 'x87 floating point registers'
[    0.000000] x86/fpu: Supporting XSAVE feature 0x02: 'SSE registers'
[    0.000000] x86/fpu: Supporting XSAVE feature 0x04: 'AVX registers'
[    0.000000] x86/fpu: Enabled xstate features 0x7, context size is 832 bytes, using 'standard' format.
[    0.000000] e820: BIOS-provided physical RAM map:
[    0.000000] BIOS-e820: [mem 0x0000000000000000-0x000000000009fbff] usable
[    0.000000] BIOS-e820: [mem 0x000000000009fc00-0x000000000009ffff] reserved
[    0.000000] BIOS-e820: [mem 0x00000000000f0000-0x00000000000fffff] reserved
[    0.000000] BIOS-e820: [mem 0x0000000000100000-0x000000003ffeffff] usable
[    0.000000] BIOS-e820: [mem 0x000000003fff0000-0x000000003fffffff] ACPI data
[    0.000000] BIOS-e820: [mem 0x00000000fec00000-0x00000000fec00fff] reserved
[    0.000000] BIOS-e820: [mem 0x00000000fee00000-0x00000000fee00fff] reserved
[    0.000000] BIOS-e820: [mem 0x00000000fffc0000-0x00000000ffffffff] reserved
[    0.000000] NX (Execute Disable) protection: active
[    0.000000] SMBIOS 2.5 present.
[    0.000000] Hypervisor detected: KVM
[    0.000000] e820: last_pfn = 0x3fff0 max_arch_pfn = 0x400000000
[    0.000000] MTRR: Disabled
[    0.000000] x86/PAT: MTRRs disabled, skipping PAT initialization too.
[    0.000000] CPU MTRRs all blank - virtualized system.
[    0.000000] x86/PAT: Configuration [0-7]: WB  WT  UC- UC  WB  WT  UC- UC  
[    0.000000] found SMP MP-table at [mem 0x0009fff0-0x0009ffff] mapped at [ffff88000009fff0]
[    0.000000] Scanning 1 areas for low memory corruption
[    0.000000] RAMDISK: [mem 0x3630a000-0x3717cfff]
[    0.000000] ACPI: Early table checksum verification disabled
[    0.000000] ACPI: RSDP 0x00000000000E0000 000024 (v02 VBOX  )
[    0.000000] ACPI: XSDT 0x000000003FFF0030 00003C (v01 VBOX   VBOXXSDT 00000001 ASL  00000061)
[    0.000000] ACPI: FACP 0x000000003FFF00F0 0000F4 (v04 VBOX   VBOXFACP 00000001 ASL  00000061)
[    0.000000] ACPI: DSDT 0x000000003FFF0470 0021FF (v02 VBOX   VBOXBIOS 00000002 INTL 20100528)
[    0.000000] ACPI: FACS 0x000000003FFF0200 000040
[    0.000000] ACPI: FACS 0x000000003FFF0200 000040
[    0.000000] ACPI: APIC 0x000000003FFF0240 00005C (v02 VBOX   VBOXAPIC 00000001 ASL  00000061)
[    0.000000] ACPI: SSDT 0x000000003FFF02A0 0001CC (v01 VBOX   VBOXCPUT 00000002 INTL 20100528)
[    0.000000] No NUMA configuration found
[    0.000000] Faking a node at [mem 0x0000000000000000-0x000000003ffeffff]
[    0.000000] NODE_DATA(0) allocated [mem 0x3ffeb000-0x3ffeffff]
[    0.000000] kvm-clock: Using msrs 4b564d01 and 4b564d00
[    0.000000] kvm-clock: cpu 0, msr 0:3ffe3001, primary cpu clock
[    0.000000] kvm-clock: using sched offset of 4203569024 cycles
[    0.000000] clocksource: kvm-clock: mask: 0xffffffffffffffff max_cycles: 0x1cd42e4dffb, max_idle_ns: 881590591483 ns
[    0.000000] Zone ranges:
[    0.000000]   DMA      [mem 0x0000000000001000-0x0000000000ffffff]
[    0.000000]   DMA32    [mem 0x0000000001000000-0x000000003ffeffff]
[    0.000000]   Normal   empty
[    0.000000]   Device   empty
[    0.000000] Movable zone start for each node
[    0.000000] Early memory node ranges
[    0.000000]   node   0: [mem 0x0000000000001000-0x000000000009efff]
[    0.000000]   node   0: [mem 0x0000000000100000-0x000000003ffeffff]
[    0.000000] Initmem setup node 0 [mem 0x0000000000001000-0x000000003ffeffff]
[    0.000000] ACPI: PM-Timer IO Port: 0x4008
[    0.000000] IOAPIC[0]: apic_id 2, version 32, address 0xfec00000, GSI 0-23
[    0.000000] ACPI: INT_SRC_OVR (bus 0 bus_irq 0 global_irq 2 dfl dfl)
[    0.000000] ACPI: INT_SRC_OVR (bus 0 bus_irq 9 global_irq 9 low level)
[    0.000000] Using ACPI (MADT) for SMP configuration information
[    0.000000] smpboot: Allowing 2 CPUs, 0 hotplug CPUs
[    0.000000] PM: Registered nosave memory: [mem 0x00000000-0x00000fff]
[    0.000000] PM: Registered nosave memory: [mem 0x0009f000-0x0009ffff]
[    0.000000] PM: Registered nosave memory: [mem 0x000a0000-0x000effff]
[    0.000000] PM: Registered nosave memory: [mem 0x000f0000-0x000fffff]
[    0.000000] e820: [mem 0x40000000-0xfebfffff] available for PCI devices
[    0.000000] Booting paravirtualized kernel on KVM
[    0.000000] clocksource: refined-jiffies: mask: 0xffffffff max_cycles: 0xffffffff, max_idle_ns: 7645519600211568 ns
[    0.000000] setup_percpu: NR_CPUS:512 nr_cpumask_bits:512 nr_cpu_ids:2 nr_node_ids:1
[    0.000000] PERCPU: Embedded 34 pages/cpu @ffff88003fc00000 s99608 r8192 d31464 u1048576
[    0.000000] PV qspinlock hash table entries: 256 (order: 0, 4096 bytes)
[    0.000000] Built 1 zonelists in Node order, mobility grouping on.  Total pages: 257912
[    0.000000] Policy zone: DMA32
[    0.000000] Kernel command line: BOOT_IMAGE=/boot/vmlinuz-4.4.0-138-generic root=LABEL=cloudimg-rootfs ro console=tty1 console=ttyS0
[    0.000000] PID hash table entries: 4096 (order: 3, 32768 bytes)
[    0.000000] Memory: 997708K/1048120K available (8563K kernel code, 1314K rwdata, 4004K rodata, 1528K init, 1316K bss, 50412K reserved, 0K cma-reserved)
[    0.000000] SLUB: HWalign=64, Order=0-3, MinObjects=0, CPUs=2, Nodes=1
[    0.000000] Kernel/User page tables isolation: enabled
[    0.000000] Hierarchical RCU implementation.
[    0.000000] 	Build-time adjustment of leaf fanout to 64.
[    0.000000] 	RCU restricting CPUs from NR_CPUS=512 to nr_cpu_ids=2.
[    0.000000] RCU: Adjusting geometry for rcu_fanout_leaf=64, nr_cpu_ids=2
[    0.000000] NR_IRQS:33024 nr_irqs:440 16
[    0.000000] Console: colour VGA+ 80x25
[    0.000000] console [tty1] enabled
[    0.000000] console [ttyS0] enabled
[    0.000000] tsc: Detected 1895.615 MHz processor
[    0.292118] Calibrating delay loop (skipped) preset value.. 3791.23 BogoMIPS (lpj=7582460)
[    0.294585] pid_max: default: 32768 minimum: 301
[    0.296078] ACPI: Core revision 20150930
[    0.299206] ACPI: 2 ACPI AML tables successfully acquired and loaded
[    0.307643] Security Framework initialized
[    0.309123] Yama: becoming mindful.
[    0.310416] AppArmor: AppArmor initialized
[    0.311987] Dentry cache hash table entries: 131072 (order: 8, 1048576 bytes)
[    0.321529] Inode-cache hash table entries: 65536 (order: 7, 524288 bytes)
[    0.324285] Mount-cache hash table entries: 2048 (order: 2, 16384 bytes)
[    0.326137] Mountpoint-cache hash table entries: 2048 (order: 2, 16384 bytes)
[    0.328190] Initializing cgroup subsys io
[    0.329382] Initializing cgroup subsys memory
[    0.330687] Initializing cgroup subsys devices
[    0.331964] Initializing cgroup subsys freezer
[    0.333261] Initializing cgroup subsys net_cls
[    0.334733] Initializing cgroup subsys perf_event
[    0.336077] Initializing cgroup subsys net_prio
[    0.337357] Initializing cgroup subsys hugetlb
[    0.338744] Initializing cgroup subsys pids
[    0.348282] mce: CPU supports 0 MCE banks
[    0.349507] Last level iTLB entries: 4KB 1024, 2MB 1024, 4MB 1024
[    0.351282] Last level dTLB entries: 4KB 1024, 2MB 1024, 4MB 1024, 1GB 4
[    0.352986] Spectre V2 : Mitigation: Full generic retpoline
[    0.354462] Spectre V2 : Spectre v2 mitigation: Speculation control IBPB not-supported IBRS not-supported
[    0.356808] Spectre V2 : Spectre v2 / SpectreRSB mitigation: Filling RSB on context switch
[    0.359662] Speculative Store Bypass: Vulnerable
[    0.364790] Freeing SMP alternatives memory: 32K
[    0.378184] ftrace: allocating 32278 entries in 127 pages
[    0.467974] smpboot: APIC(0) Converting physical 0 to logical package 0
[    0.477480] smpboot: Max logical packages: 1
[    0.479653] x2apic enabled
[    0.481157] Switched APIC routing to physical x2apic.
[    0.485643] ..TIMER: vector=0x30 apic1=0 pin1=2 apic2=-1 pin2=-1
[    0.594723] smpboot: CPU0: Intel(R) Core(TM) i3-4030U CPU @ 1.90GHz (family: 0x6, model: 0x45, stepping: 0x1)
[    0.622317] Performance Events: unsupported p6 CPU model 69 no PMU driver, software events only.
[    0.627490] KVM setup paravirtual spinlock
[    0.664189] x86: Booting SMP configuration:
[    0.679471] .... node  #0, CPUs:      #1
[    0.680741] kvm-clock: cpu 1, msr 0:3ffe3041, secondary cpu clock
[    0.683428] mce: CPU supports 0 MCE banks
[    0.686372] x86: Booted up 1 node, 2 CPUs
[    0.687978] smpboot: Total of 2 processors activated (7582.46 BogoMIPS)
[    0.704724] devtmpfs: initialized
[    0.720708] evm: security.selinux
[    0.731951] evm: security.SMACK64
[    0.734989] evm: security.SMACK64EXEC
[    0.736104] evm: security.SMACK64TRANSMUTE
[    0.737295] evm: security.SMACK64MMAP
[    0.738467] evm: security.ima
[    0.739453] evm: security.capability
[    0.740824] clocksource: jiffies: mask: 0xffffffff max_cycles: 0xffffffff, max_idle_ns: 7645041785100000 ns
[    0.743605] futex hash table entries: 512 (order: 3, 32768 bytes)
[    0.748960] pinctrl core: initialized pinctrl subsystem
[    0.750956] RTC time: 10:32:07, date: 11/07/18
[    0.752780] NET: Registered protocol family 16
[    0.770679] cpuidle: using governor ladder
[    0.782295] cpuidle: using governor menu
[    0.783504] PCCT header not found.
[    0.784662] ACPI: bus type PCI registered
[    0.785878] acpiphp: ACPI Hot Plug PCI Controller Driver version: 0.5
[    0.803053] PCI: Using configuration type 1 for base access
[    0.835726] ACPI: Added _OSI(Module Device)
[    0.837080] ACPI: Added _OSI(Processor Device)
[    0.838400] ACPI: Added _OSI(3.0 _SCP Extensions)
[    0.844689] ACPI: Added _OSI(Processor Aggregator Device)
[    0.847769] ACPI: Executed 1 blocks of module-level executable AML code
[    0.853094] ACPI: Interpreter enabled
[    0.854348] ACPI: (supports S0 S5)
[    0.859342] ACPI: Using IOAPIC for interrupt routing
[    0.867150] PCI: Using host bridge windows from ACPI; if necessary, use "pci=nocrs" and report a bug
[    0.875382] ACPI: PCI Root Bridge [PCI0] (domain 0000 [bus 00-ff])
[    0.881225] acpi PNP0A03:00: _OSC: OS supports [ASPM ClockPM Segments MSI]
[    0.891831] acpi PNP0A03:00: _OSC: not requesting OS control; OS requires [ExtendedConfig ASPM ClockPM MSI]
[    0.899928] acpi PNP0A03:00: fail to add MMCONFIG information, can't access extended PCI configuration space under this bridge.
[    0.909017] PCI host bridge to bus 0000:00
[    0.910272] pci_bus 0000:00: root bus resource [io  0x0000-0x0cf7 window]
[    0.912073] pci_bus 0000:00: root bus resource [io  0x0d00-0xffff window]
[    0.915380] pci_bus 0000:00: root bus resource [mem 0x000a0000-0x000bffff window]
[    0.917567] pci_bus 0000:00: root bus resource [mem 0x40000000-0xfdffffff window]
[    0.919811] pci_bus 0000:00: root bus resource [bus 00-ff]
[    0.925615] pci 0000:00:01.1: legacy IDE quirk: reg 0x10: [io  0x01f0-0x01f7]
[    0.952300] pci 0000:00:01.1: legacy IDE quirk: reg 0x14: [io  0x03f6]
[    0.955812] pci 0000:00:01.1: legacy IDE quirk: reg 0x18: [io  0x0170-0x0177]
[    0.957650] pci 0000:00:01.1: legacy IDE quirk: reg 0x1c: [io  0x0376]
[    1.006207] pci 0000:00:07.0: quirk: [io  0x4000-0x403f] claimed by PIIX4 ACPI
[    1.019288] pci 0000:00:07.0: quirk: [io  0x4100-0x410f] claimed by PIIX4 SMB
[    1.056699] ACPI: PCI Interrupt Link [LNKA] (IRQs 5 9 10 *11)
[    1.059413] ACPI: PCI Interrupt Link [LNKB] (IRQs 5 9 *10 11)
[    1.061720] ACPI: PCI Interrupt Link [LNKC] (IRQs 5 *9 10 11)
[    1.064058] ACPI: PCI Interrupt Link [LNKD] (IRQs 5 9 10 *11)
[    1.066405] ACPI: Enabled 2 GPEs in block 00 to 07
[    1.071175] vgaarb: setting as boot device: PCI:0000:00:02.0
[    1.078513] vgaarb: device added: PCI:0000:00:02.0,decodes=io+mem,owns=io+mem,locks=none
[    1.096829] vgaarb: loaded
[    1.103811] vgaarb: bridge control possible 0000:00:02.0
[    1.105658] SCSI subsystem initialized
[    1.107092] ACPI: bus type USB registered
[    1.108368] usbcore: registered new interface driver usbfs
[    1.120279] usbcore: registered new interface driver hub
[    1.121762] usbcore: registered new device driver usb
[    1.142148] PCI: Using ACPI for IRQ routing
[    1.144245] NetLabel: Initializing
[    1.154752] NetLabel:  domain hash size = 128
[    1.177229] NetLabel:  protocols = UNLABELED CIPSOv4
[    1.186972] NetLabel:  unlabeled traffic allowed by default
[    1.200321] amd_nb: Cannot enumerate AMD northbridges
[    1.229425] clocksource: Switched to clocksource kvm-clock
[    1.269509] AppArmor: AppArmor Filesystem Enabled
[    1.288453] pnp: PnP ACPI init
[    1.299458] pnp: PnP ACPI: found 3 devices
[    1.320731] clocksource: acpi_pm: mask: 0xffffff max_cycles: 0xffffff, max_idle_ns: 2085701024 ns
[    1.329742] NET: Registered protocol family 2
[    1.331921] TCP established hash table entries: 8192 (order: 4, 65536 bytes)
[    1.334225] TCP bind hash table entries: 8192 (order: 5, 131072 bytes)
[    1.336181] TCP: Hash tables configured (established 8192 bind 8192)
[    1.338248] UDP hash table entries: 512 (order: 2, 16384 bytes)
[    1.340045] UDP-Lite hash table entries: 512 (order: 2, 16384 bytes)
[    1.342178] NET: Registered protocol family 1
[    1.343596] pci 0000:00:00.0: Limiting direct PCI/PCI transfers
[    1.345705] pci 0000:00:01.0: Activating ISA DMA hang workarounds
[    1.349213] Unpacking initramfs...
[    1.78240 Feeing initrd memory: 14796K

[    1.878964] RAPL PMU detected, API unit is 2^-32 Joules, 4 fixed ounter 1734124 m ofltimer
[    2.157654] hw unit of domain pp0-core 2^-0 Joules
[    2.159291] hw unit of domain package 2^-0 Joules
[    2.160948] hw unit of domain dram 2^-0 Joules

[    2.162823] hw unit of domain pp1-gpu 2^-0 Joules
[    2.164534] platform rtc_cmos: registered platform RTC device (no PNP device found)
[    2.167378] Scanning for low memory corruption every 60 seconds
[    2.169738] audit: initializing netlink subsys (disabled)
[    2.174763] audit: type=2000 audit(1541586734.200:1): initialized
[    2.176810] Initialise system trusted keyring
[    2.180352] HugeTLB registered 2 MB page size, pre-allocated 0 pages
[    2.184147] zbud: loaded
[    2.185941] VFS: Disk quotas dquot_6.6.0
[    2.187516] VFS: Dquot-cache hash table entries: 512 (order 0, 4096 bytes)
[    2.190178] squashfs: version 4.0 (2009/01/31) Phillip Lougher
[    2.192316] fuse init (API version 7.23)
[    2.193908] Key type big_key registered
[    2.202502] Allocating IMA MOK and blacklist keyrings.
[    2.206558] Key type asymmetric registered
[    2.210685] Asymmetric key parser 'x509' registered
[    2.212149] Block layer SCSI generic (bsg) driver version 0.4 loaded (major 249)
[    2.230984] io scheduler noop registered
[    2.234452] io scheduler deadline registered (default)
[    2.242028] io scheduler cfq registered
[    2.250888] pci_hotplug: PCI Hot Plug PCI Core version: 0.5
[    2.252481] pciehp: PCI Express Hot Plug Controller Driver version: 0.4
[    2.254455] ACPI: AC Adapter [AC] (on-line)
[    2.270592] input: Power Button as /devices/LNXSYSTM:00/LNXPWRBN:00/input/input0
[    2.275609] ACPI: Power Button [PWRF]
[    2.276880] input: Sleep Button as /devices/LNXSYSTM:00/LNXSLPBN:00/input/input1
[    2.283511] ACPI: Sleep Button [SLPF]
[    2.285678] GHES: HEST is not enabled!
[    2.285898] ACPI: Battery Slot [BAT0] (battery present)
[    2.308001] Serial: 8250/16550 driver, 32 ports, IRQ sharing enabled
[    2.348121] 00:02: ttyS0 at I/O 0x3f8 (irq = 4, base_baud = 115200) is a 16550A
[    2.352012] Linux agpgart interface v0.103
[    2.356217] loop: module loaded
[    2.358443] scsi host0: ata_piix
[    2.360044] scsi host1: ata_piix
[    2.361581] ata1: PATA max UDMA/33 cmd 0x1f0 ctl 0x3f6 bmdma 0xd000 irq 14
[    2.363840] ata2: PATA max UDMA/33 cmd 0x170 ctl 0x376 bmdma 0xd008 irq 15
[    2.366151] libphy: Fixed MDIO Bus: probed
[    2.367910] tun: Universal TUN/TAP device driver, 1.6
[    2.369620] tun: (C) 1999-2004 Max Krasnyansky <maxk@qualcomm.com>
[    2.371769] PPP generic driver version 2.4.2
[    2.373401] ehci_hcd: USB 2.0 'Enhanced' Host Controller (EHCI) Driver
[    2.375566] ehci-pci: EHCI PCI platform driver
[    2.377411] ehci-platform: EHCI generic platform driver
[    2.379389] ohci_hcd: USB 1.1 'Open' Host Controller (OHCI) Driver
[    2.381542] ohci-pci: OHCI PCI platform driver
[    2.389238] ohci-platform: OHCI generic platform driver
[    2.390749] uhci_hcd: USB Universal Host Controller Interface driver
[    2.392628] i8042: PNP: PS/2 Controller [PNP0303:PS2K,PNP0f03:PS2M] at 0x60,0x64 irq 1,12
[    2.397306] serio: i8042 KBD port at 0x60,0x64 irq 1
[    2.398750] serio: i8042 AUX port at 0x60,0x64 irq 12
[    2.400315] mousedev: PS/2 mouse device common for all mice
[    2.402635] input: AT Translated Set 2 keyboard as /devices/platform/i8042/serio0/input/input2
[    2.411585] rtc_cmos rtc_cmos: rtc core: registered rtc_cmos as rtc0
[    2.413614] rtc_cmos rtc_cmos: alarms up to one day, 114 bytes nvram
[    2.422538] i2c /dev entries driver
[    2.432456] device-mapper: uevent: version 1.0.3
[    2.436196] device-mapper: ioctl: 4.34.0-ioctl (2015-10-28) initialised: dm-devel@redhat.com
[    2.438660] ledtrig-cpu: registered to indicate activity on CPUs
[    2.452294] NET: Registered protocol family 10
[    2.468900] NET: Registered protocol family 17
[    2.486518] Key type dns_resolver registered
[    2.504740] registered taskstats version 1
[    2.507929] Loading compiled-in X.509 certificates
[    2.510387] Loaded X.509 cert 'Build time autogenerated kernel key: 9a104bc44b81e9426fe5c715e47d021d02d69eba'
[    2.527732] zswap: loaded using pool lzo/zbud
[    2.532070] Key type trusted registered
[    2.540912] Key type encrypted registered
[    2.544382] AppArmor: AppArmor sha1 policy hashing enabled
[    2.547386] ima: No TPM chip found, activating TPM-bypass!
[    2.568530] ima: Allocated hash algorithm: sha1
[    2.569911] evm: HMAC attrs: 0x1
[    2.571720]   Magic number: 10:94:527
[    2.574526] rtc_cmos rtc_cmos: setting system clock to 2018-11-07 10:32:09 UTC (1541586729)
[    2.577898] BIOS EDD facility v0.16 2004-Jun-25, 0 devices found
[    2.579957] EDD information not available.
[    2.583149] Freeing unused kernel memory: 1528K
[    2.597518] Write protecting the kernel read-only data: 14336k
[    2.599835] Freeing unused kernel memory: 1664K
[    2.601523] Freeing unused kernel memory: 92K
Loading, please wait...
starting version[    2.639542] random: systemd-udevd: uninitialized urandom read (16 bytes read, 2 bits of entropy available)
 229
[    2.640518] random: udevadm: uninitialized urandom read (16 bytes read, 2 bits of entropy available)
[    2.640546] random: udevadm: uninitialized urandom read (16 bytes read, 2 bits of entropy available)
[    2.653734] random: udevadm: uninitialized urandom read (16 bytes read, 2 bits of entropy available)
[    2.653862] random: udevadm: uninitialized urandom read (16 bytes read, 2 bits of entropy available)
[    2.654162] random: udevadm: uninitialized urandom read (16 bytes read, 2 bits of entropy available)
[    2.654271] random: udevadm: uninitialized urandom read (16 bytes read, 2 bits of entropy available)
[    2.654413] random: udevadm: uninitialized urandom read (16 bytes read, 2 bits of entropy available)
[    2.654491] random: udevadm: uninitialized urandom read (16 bytes read, 2 bits of entropy available)
[    2.654557] random: udevadm: uninitialized urandom read (16 bytes read, 2 bits of entropy available)
[    2.755865] e1000: Intel(R) PRO/1000 Network Driver - version 7.3.21-k8-NAPI
[    2.758518] e1000: Copyright (c) 1999-2006 Intel Corporation.
[    2.765667] Fusion MPT base driver 3.04.20
[    2.767300] Copyright (c) 1999-2008 LSI Corporation
[    2.776646] Fusion MPT SPI Host driver 3.04.20
[    2.801834] AVX2 version of gcm_enc/dec engaged.
[    2.803636] AES CTR mode by8 optimization enabled
[    2.975437] input: ImExPS/2 Generic Explorer Mouse as /devices/platform/i8042/serio1/input/input4
[    3.162944] tsc: Refined TSC clocksource calibration: 1896.387 MHz
[    3.166193] clocksource: tsc: mask: 0xffffffffffffffff max_cycles: 0x36abae31255, max_idle_ns: 881590597922 ns
[    3.170570] e1000 0000:00:03.0 eth0: (PCI:33MHz:32-bit) 02:0d:56:55:5e:8a
[    3.184509] e1000 0000:00:03.0 eth0: Intel(R) PRO/1000 Network Connection
[    3.187990] mptbase: ioc0: Initiating bringup
[    3.282570] ioc0: LSI53C1030 A0: Capabilities={Initiator}
[    3.472870] scsi host2: ioc0: LSI53C1030 A0, FwRev=00000000h, Ports=1, MaxQ=256, IRQ=20
[    3.586809] scsi 2:0:0:0: Direct-Access     VBOX     HARDDISK         1.0  PQ: 0 ANSI: 5
[    3.616865] scsi target2:0:0: Beginning Domain Validation
[    3.620949] scsi target2:0:0: Domain Validation skipping write tests
[    3.623561] scsi target2:0:0: Ending Domain Validation
[    3.625919] scsi target2:0:0: asynchronous
[    3.653649] scsi 2:0:1:0: Direct-Access     VBOX     HARDDISK         1.0  PQ: 0 ANSI: 5
[    3.656628] scsi target2:0:1: Beginning Domain Validation
[    3.659944] scsi target2:0:1: Domain Validation skipping write tests
[    3.662127] scsi target2:0:1: Ending Domain Validation
[    3.664063] scsi target2:0:1: asynchronous
[    3.674970] sd 2:0:0:0: Attached scsi generic sg0 type 0
[    3.676984] sd 2:0:0:0: [sda] 20971520 512-byte logical blocks: (10.7 GB/10.0 GiB)
[    3.680574] sd 2:0:1:0: [sdb] 20480 512-byte logical blocks: (10.5 MB/10.0 MiB)
[    3.683682] sd 2:0:1:0: Attached scsi generic sg1 type 0
[    3.685941] sd 2:0:0:0: [sda] Write Protect is off
[    3.687765] sd 2:0:1:0: [sdb] Write Protect is off
[    3.689961] sd 2:0:0:0: [sda] Incomplete mode parameter data
[    3.692094] sd 2:0:0:0: [sda] Assuming drive cache: write through
[    3.699493] sd 2:0:1:0: [sdb] Incomplete mode parameter data
[    3.701434] sd 2:0:1:0: [sdb] Assuming drive cache: write through
[    3.706797]  sda: sda1
[    3.709343] sd 2:0:1:0: [sdb] Attached SCSI disk
[    3.711713] sd 2:0:0:0: [sda] Attached SCSI disk
[    4.000646] e1000 0000:00:08.0 eth1: (PCI:33MHz:32-bit) 08:00:27:d1:c4:ca
[    4.023738] e1000 0000:00:08.0 eth1: Intel(R) PRO/1000 Network Connection
[    4.062687] e1000 0000:00:08.0 enp0s8: renamed from eth1
[    4.113880] e1000 0000:00:03.0 enp0s3: renamed from eth0
Begin: Loading essential drivers ... [    6.001856] md: linear personality registered for level -1
[    6.022735] md: multipath personality registered for level -4
[    6.035040] md: raid0 personality registered for level 0
[    6.046909] md: raid1 personality registered for level 1
[    6.125753] raid6: sse2x1   gen()  4399 MB/s
[    6.193585] raid6: sse2x1   xor()  3864 MB/s
[    6.289915] raid6: sse2x2   gen()  7365 MB/s
[    6.357448] raid6: sse2x2   xor()  4897 MB/s
[    6.445699] raid6: sse2x4   gen()  8329 MB/s
[    6.533668] raid6: sse2x4   xor()  5346 MB/s
[    6.613669] raid6: avx2x1   gen() 11136 MB/s
[    6.709564] raid6: avx2x2   gen() 12659 MB/s
[    6.789905] raid6: avx2x4   gen() 14702 MB/s
[    6.806094] raid6: using algorithm avx2x4 gen() 14702 MB/s
[    6.838052] raid6: using avx2x2 recovery algorithm
[    6.842373] xor: automatically using best checksumming function:
[    6.889636]    avx       : 14807.000 MB/sec
[    6.896322] async_tx: api initialized (async)
[    6.922595] md: raid6 personality registered for level 6
[    6.924490] md: raid5 personality registered for level 5
[    6.955528] md: raid4 personality registered for level 4
[    6.987591] md: raid10 personality registered for level 10
done.
Begin: Running /scripts/init-premount ... done.
Begin: Mounting root file system ... Begin: Running /scripts/local-top ... done.
Begin: Running /scripts/local-premount ... [    7.047413] Btrfs loaded
Scanning for Btrfs filesystems
done.
Warning: fsck no[    7.094482] EXT4-fs (sda1): mounted filesystem with ordered data mode. Opts: (null)
t present, so skipping root file system
done.
Begin: Running /scripts/local-bottom ... done.
Begin: Running /scripts/init-bottom ... done.
[    7.304847] systemd[1]: systemd 229 running in system mode. (+PAM +AUDIT +SELINUX +IMA +APPARMOR +SMACK +SYSVINIT +UTMP +LIBCRYPTSETUP +GCRYPT +GNUTLS +ACL +XZ -LZ4 +SECCOMP +BLKID +ELFUTILS +KMOD -IDN)
[    7.311405] systemd[1]: Detected virtualization oracle.
[    7.313200] systemd[1]: Detected architecture x86-64.

Welcome to [1mUbuntu 16.04.5 LTS[0m!

[    7.318362] systemd[1]: Set hostname to <ubuntu-xenial>.
[    7.491436] systemd[1]: Listening on LVM2 poll daemon socket.
[[0;32m  OK  [0m] Listening on LVM2 poll daemon socket.
[    7.494799] systemd[1]: Listening on Syslog Socket.
[[0;32m  OK  [0m] Listening on Syslog Socket.
[    7.497838] systemd[1]: Reached target Encrypted Volumes.
[[0;32m  OK  [0m] Reached target Encrypted Volumes.
[    7.505964] systemd[1]: Listening on udev Kernel Socket.
[[0;32m  OK  [0m] Listening on udev Kernel Socket.
[    7.527970] systemd[1]: Set up automount Arbitrary Executable File Formats File System Automount Point.
[[0;32m  OK  [0m] Set up automount Arbitrary Executab...ats File System Automount Point.
[    7.542007] systemd[1]: Started Trigger resolvconf update for networkd DNS.
[[0;32m  OK  [0m] Started Trigger resolvconf update for networkd DNS.
[    7.546896] systemd[1]: Created slice System Slice.
[[0;32m  OK  [0m] Created slice System Slice.
[    7.550598] systemd[1]: Created slice User and Session Slice.
[[0;32m  OK  [0m] Created slice User and Session Slice.
[    7.558006] systemd[1]: Listening on Journal Socket.
[[0;32m  OK  [0m] Listening on Journal Socket.
[    7.573872] systemd[1]: Mounting Debug File System...
         Mounting Debug File System...
[    7.583950] systemd[1]: Starting Load Kernel Modules...
         Starting Load Kernel Modules...
[    7.594335] systemd[1]: Mounting POSIX Message Queue File System...
         Mounting POSIX Message Queue File System...
[    7.600264] systemd[1]: Starting Remount Root and Kernel File Systems...
[    7.608566] Loading iSCSI transport class v2.0-870.
         Starting Remount Root and Kernel File Systems...
[    7.619143] systemd[1]: Mounting Huge Pages File System...
         [    7.636200] iscsi: registered transport (tcp)
Mounting Huge Pages File System...[    7.638072] EXT4-fs (sda1): re-mounted. Opts: (null)

[    7.641472] systemd[1]: Starting Nameserver information manager...
         Starting Nameserver information manager...
[    7.646807] systemd[1]: Starting Create list of required static device nodes for the current kernel...
         Starting Create list of required st... nodes for the current kernel...
[    7.680276] systemd[1]: Reached target Swap.
[[0;32m  OK  [0m] Reached target Swap.
[    7.683413] systemd[1]: Listening on LVM2 metadata daemon socket.
[[0;32m  OK  [0m] Listening on LVM2 metadata daemon socket.
[    7.689608] iscsi: registered transport (iser)
[    7.703779] systemd[1]: Listening on udev Control Socket.
[[0;32m  OK  [0m] Listening on udev Control Socket.
[    7.743857] systemd[1]: Listening on /dev/initctl Compatibility Named Pipe.
[[0;32m  OK  [0m] Listening on /dev/initctl Compatibility Named Pipe.
[    7.748263] systemd[1]: Reached target User and Group Name Lookups.
[[0;32m  OK  [0m] Reached target User and Group Name Lookups.
[    7.755694] systemd[1]: Listening on Device-mapper event daemon FIFOs.
[[0;32m  OK  [0m] Listening on Device-mapper event daemon FIFOs.
[    7.770581] systemd[1]: Starting Monitoring of LVM2 mirrors, snapshots etc. using dmeventd or progress polling...
         Starting Monitoring of LVM2 mirrors... dmeventd or progress polling...
[    7.783092] systemd[1]: Started Forward Password Requests to Wall Directory Watch.
[[0;32m  OK  [0m] Started Forward Password Requests to Wall Directory Watch.
[    7.796441] systemd[1]: Reached target System Time Synchronized.
[[0;32m  OK  [0m] Reached target System Time Synchronized.
[    7.801586] systemd[1]: Created slice system-serial\x2dgetty.slice.
[[0;32m  OK  [0m] Created slice system-serial\x2dgetty.slice.
[   .8298]systemd[1]: Reached target Slices.
[[0;32m  OK  [0m] Reached target Slices.

[    8.026134] systemd[1]: Starting Uncomplicated firewall...
         Starting Uncomplicated firewall...
[    8.031039] systemd[1]: Starting Set console keymap...
         Starting Set console keymap...
[    8.042892] systemd[1]: Listening on Journal Audit Socket.
[[0;32m  OK  [0m] Listening on Journal Audit Socket.
[    8.053718] systemd[1]: Listening on Journal Socket (/dev/log).
[[0;32m  OK  [0m] Listening on Journal Socket (/dev/log).
[    8.078007] systemd[1]: Starting Journal Service...
         Starting Journal Service...
[    8.084499] systemd[1]: Mounted Huge Pages File System.
[[0;32m  OK  [0m] Mounted Huge Pages File System.
[    8.091255] systemd[1]: Mounted POSIX Message Queue File System.
[[0;32m  OK  [0m] Mounted POSIX Message Queue File System.
[    8.095180] systemd[1]: Mounted Debug File System.
[[0;32m  OK  [0m] Mounted Debug File System.
[    8.125865] systemd[1]: Started Journal Service.
[[0;32m  OK  [0m] Started Journal Service.
[[0;32m  OK  [0m] Started Load Kernel Modules.
[[0;32m  OK  [0m] Started Remount Root and Kernel File Systems.
[[0;32m  OK  [0m] Started Create list of required sta...ce nodes for the current kernel.
[[0;32m  OK  [0m] Started Uncomplicated firewall.
[[0;32m  OK  [0m] Started Set console keymap.
[[0;32m  OK  [0m] Started Nameserver information manager.
[[0;32m  OK  [0m] [    8.400007] random: nonblocking pool is initialized
Started LVM2 metadata daemon.
         Starting Create Static Device Nodes in /dev...
         Starting Load/Save Random Seed...
         Starting udev Coldplug all Devices...
         Starting Apply Kernel Variables...
         Mounting FUSE Control File System...
         Starting Flush Journal to Persistent Storage...
[[0;32m  OK  [0m] Mounted FUSE Control File System.
[[0;32m  OK  [0m] Started Load/Save Random Seed.
[[0;32m  OK  [0m] Started Create Static Device Nodes in /dev.
[[0;32m  OK  [0m] Started Apply Kernel Variables.
[[0;32m  OK  [0m] Started Flush Journal to Persistent Storage.
[[0;32m  OK  [0m] Started udev Coldplug all Devices.
         Starting udev Kernel Device Manager...
[[0;32m  OK  [0m] Started udev Kernel Device Manager.
[[0;32m  OK  [0m] Started Dispatch Password Requests to Console Directory Watch.
[[0;32m  OK  [0m] Found device /dev/ttyS0.
[[0;32m  OK  [0m] Started Monitoring of LVM2 mirrors,...ng dmeventd or progress polling.
[[0;32m  OK  [0m] Reached target Local File Systems (Pre).
[[0;32m  OK  [0m] Reached target Local File Systems.
         Starting Tell Plymouth To Write Out Runtime Data...
         Starting Set console font and keymap...
         Starting Initial cloud-init job (pre-networking)...
         Starting LSB: AppArmor initialization...
         Starting Create Volatile Files and Directories...
[[0;32m  OK  [0m] Started Tell Plymouth To Write Out Runtime Data.
[[0;32m  OK  [0m] Started Create Volatile Files and Directories.
         Starting Update UTMP about System Boot/Shutdown...
[[0;32m  OK  [0m] Started Update UTMP about System Boot/Shutdown.
[[0;32m  OK  [0m] Listening on Load/Save RF Kill Switch Status /dev/rfkill Watch.
[[0;32m  OK  [0m] Found device 82540EM Gigabit Ethern...r (PRO/1000 MT Desktop Adapter).
[[0;32m  OK  [0m] Started LSB: AppArmor initialization.
[[0;32m  OK  [0m] Found device 82540EM Gigabit Ethern...r (PRO/1000 MT Desktop Adapter).
[    9.600735] cloud-init[543]: Cloud-init v. 18.4-0ubuntu1~16.04.2 running 'init-local' at Wed, 07 Nov 2018 10:32:16 +0000. Up 9.21 seconds.
[[0;32m  OK  [0m] Started Initial cloud-init job (pre-networking).
[[0;32m  OK  [0m] Reached target Network (Pre).
[[0;32m  OK  [0m] Started ifup for enp0s8.
         Starting Raise network interfaces...
[[0;32m  OK  [0m] Started ifup for enp0s3.
[[0;32m  OK  [0m] Started Set console font and keymap.
[[0;32m  OK  [0m] Created slice system-getty.slice.
[[0;32m  OK  [0m] Started Raise network interfaces.
[[0;32m  OK  [0m] Reached target Network.
         Starting Initial cloud-init job (metadata service crawler)...
[   11.439810] cloud-init[1077]: Cloud-init v. 18.4-0ubuntu1~16.04.2 running 'init' at Wed, 07 Nov 2018 10:32:18 +0000. Up 10.95 seconds.
[   11.444001] cloud-init[1077]: ci-info: ++++++++++++++++++++++++++++++++++++++Net device info+++++++++++++++++++++++++++++++++++++++
[   11.447948] cloud-init[1077]: ci-info: +--------+------+-----------------------------+---------------+--------+-------------------+
[   11.451881] cloud-init[1077]: ci-info: | Device |  Up  |           Address           |      Mask     | Scope  |     Hw-Address    |
[   11.476046] cloud-init[1077]: ci-info: +--------+------+-----------------------------+---------------+--------+-------------------+
[   11.479487] cloud-init[1077]: ci-info: | enp0s3 | True |          10.0.2.15          | 255.255.255.0 | global | 02:0d:56:55:5e:8a |
[   11.505458] cloud-init[1077]: ci-info: | enp0s3 | True |  fe80::d:56ff:fe55:5e8a/64  |       .       |  link  | 02:0d:56:55:5e:8a |
[   11.509385] cloud-init[1077]: ci-info: | enp0s8 | True |        192.168.33.10        | 255.255.255.0 | global | 08:00:27:d1:c4:ca |
[   11.513208] cloud-init[1077]: ci-info: | enp0s8 | True | fe80::a00:27ff:fed1:c4ca/64 |       .       |  link  | 08:00:27:d1:c4:ca |
[   11.516483] cloud-init[1077]: ci-info: |   lo   | True |          127.0.0.1          |   255.0.0.0   |  host  |         .         |
[   11.520171] cloud-init[1077]: ci-info: |   lo   | True |           ::1/128           |       .       |  host  |         .         |
[   11.524500] cloud-init[1077]: ci-info: +--------+------+-----------------------------+---------------+--------+-------------------+
[   11.550374] cloud-init[1077]: ci-info: ++++++++++++++++++++++++++++Route IPv4 info++++++++++++++++++++++++++++
[   11.554090] cloud-init[1077]: ci-info: +-------+--------------+----------+---------------+-----------+-------+
[   11.557808] cloud-init[1077]: ci-info: | Route | Destination  | Gateway  |    Genmask    | Interface | Flags |
[   11.561454] cloud-init[1077]: ci-info: +-------+--------------+----------+---------------+-----------+-------+
[   11.564997] cloud-init[1077]: ci-info: |   0   |   0.0.0.0    | 10.0.2.2 |    0.0.0.0    |   enp0s3  |   UG  |
[   11.568474] cloud-init[1077]: ci-info: |   1   |   10.0.2.0   | 0.0.0.0  | 255.255.255.0 |   enp0s3  |   U   |
[   11.571836] cloud-init[1077]: ci-info: |   2   | 192.168.33.0 | 0.0.0.0  | 255.255.255.0 |   enp0s8  |   U   |
[[0;32m  OK  [0m] Started Initial cloud-init job (metadata service crawler).
[   11.602508] cloud-init[1077]: ci-info: +-------+--------------+----------+---------------+-----------+-------+[[0;32m  OK  [0m] Reached target System Initialization.
[[0;32m  OK  [0m] Listening on D-Bus System Message Bus Socket.
[[0;32m  OK  [0m] Listening on ACPID Listen Socket.

[   11.620803]          Starting LXD - unix socket.
[[0;32m  OK  [0m] Listening on UUID daemon activation socket.
cloud-init[1077]: ci-info: +++++++++++++++++++Route IPv6 info+++++++++++++++++++
[   11.637170] [[0;32m  OK  [0m] Started Daily apt download activities.
[[0;32m  OK  [0m] Started Daily Cleanup of Temporary Directories.
[[0;32m  OK  [0m] Started Daily apt upgrade and clean activities.
         Starting Socket activation for snappy daemon.
[[0;32m  OK  [0m] Started Clean PHP session files every 30 mins.
[[0;32m  OK  [0m] Reached target Timers.
cloud-init[1077]: ci-info: +-------+-------------+---------+-----------+-------+
[   11.649376] [[0;32m  OK  [0m] Started ACPI Events Check.
[[0;32m  OK  [0m] Reached target Paths.
[[0;32m  OK  [0m] Reached target Network is Online.
cloud-init[1077]: ci-info: | Route | Destination | Gateway | Interface | Flags |
[   11.655323] cloud-init[1077]: ci-info: +-------+-------------+---------+-----------+-------+
[   11.658480] cloud-init[1077]: ci-info: |   0   |  fe80::/64  |    ::   |   enp0s8  |   U   |
[   11.662017] cloud-init[1077]: ci-info: |   1   |  fe80::/64  |    ::   |   enp0s3  |   U   |         Starting iSCSI initiator daemon (iscsid)...
[[0;32m  OK  [0m] Reached target Cloud-config availability.
[[0;32m  OK  [0m] Listening on LXD - unix socket.
[[0;32m  OK  [0m] Listening on Socket activation for snappy daemon.
[[0;32m  OK  [0m] Reached target Sockets.
[[0;32m  OK  [0m] Reached target Basic System.
         Starting System Logging Service...

[   11.672467]          cloud-init[1077]: ci-info: |   4   |   ff00::/8  |    ::   |   enp0s8  |   U   |Starting MySQL Community Server...

[   11.675436] [[0;32m  OK  [0m] Started Unattended Upgrades Shutdown.
cloud-init[1077]: ci-info: |   5   |   ff00::/8  |    ::   |   enp0s3  |   U   |         Starting LXD - container startup/shutdown...

[   11.696576]          Starting /etc/rc.local Compatibility...
cloud-init         Starting Accounts Service...
[[0;32m  OK  [0m] Started FUSE filesystem for LXC.
[1077]: ci-info: +-------+-------------+---------+-----------+-------+
         Starting LSB: Record successful boot for GRUB...
[[0;32m  OK  [0m] Started ACPI event daemon.
         Starting OpenBSD Secure Shell server...
         Starting Login Service...
         Starting Snappy daemon...
[[0;32m  OK  [0m] Started D-Bus System Message Bus.
         Starting LSB: MD monitoring daemon...
         Starting Virtualbox guest utils...
[[0;32m  OK  [0m] Started Regular background program processing daemon.
[[0;32m  OK  [0m] Started Deferred execution scheduler.
[[0;32m  OK  [0m] Started System Logging Service.
[[0;32m  OK  [0m] Started LXD - container startup/shutdown.
[[0;32m  OK  [0m] Started /etc/rc.local Compatibility.
[[0;32m  OK  [0m] Started iSCSI initiator daemon (iscsid).
[[0;32m  OK  [0m] Started OpenBSD Secure Shell server.
[[0;32m  OK  [0m] Started LSB: Record successful boot for GRUB.
[[0;32m  OK  [0m] Started Login Service.
         Starting Authenticate and Authorize Users to Run Privileged Tasks...
         Starting Login to default iSCSI targets...
[[0;32m  OK  [0m] Started LSB: MD monitoring daemon.
[[0;32m  OK  [0m] Started Authenticate and Authorize Users to Run Privileged Tasks.
[[0;32m  OK  [0m] Started Accounts Service.
[[0;32m  OK  [0m] Started Snappy daemon.
         Starting Wait until snapd is fully seeded...
[[0;32m  OK  [0m] Started Login to default iSCSI targets.
[[0;32m  OK  [0m] Reached target Remote File Systems (Pre).
[[0;32m  OK  [0m] Reached target Remote File Systems.
         Starting LSB: automatic crash report generation...
         Starting Permit User Sessions...
         Starting LSB: daemon to balance interrupts for SMP systems...
         Starting LSB: Apache2 web server...
         Starting LSB: Set the CPU Frequency Scaling governor to "ondemand"...
[[0;32m  OK  [0m] Started Virtualbox guest utils.
[[0;32m  OK  [0m] Started Permit User Sessions.
[[0;32m  OK  [0m] Started Wait until snapd is fully seeded.
[[0;32m  OK  [0m] Started LSB: Set the CPU Frequency Scaling governor to "ondemand".
         Starting Apply the settings specified in cloud-config...
         Starting Hold until boot process finishes up...
         Starting Terminate Plymouth Boot Screen...
[[0;32m  OK  [0m] Started LSB: automatic crash report generation.
[[0;32m  OK  [0m] Started Hold until boot process finishes up.
[[0;32m  OK  [0m] Started Terminate Plymouth Boot Screen.
[[0;32m  OK  [0m] Started LSB: daemon to balance interrupts for SMP systems.
         Starting Set console scheme...
[[0;32m  OK  [0m] Started Serial Getty on ttyS0.
[[0;32m  OK  [0m] Started Getty on tty1.
[[0;32m  OK  [0m] Reached target Login Prompts.
[[0;32m  OK  [0m] Started Set console scheme.
[[0;32m  OK  [0m] Created slice User Slice of vagrant.
         Starting User Manager for UID 1000...
[[0;32m  OK  [0m] Started Session 1 of user vagrant.
[[0;32m  OK  [0m] Started User Manager for UID 1000.
[[0;32m  OK  [0m] Started MySQL Community Server.
[   14.290261] cloud-init[1324]: Cloud-init v. 18.4-0ubuntu1~16.04.2 running 'modules:config' at Wed, 07 Nov 2018 10:32:21 +0000. Up 14.11 seconds.
[[0;32m  OK  [0m] Started Apply the settings specified in cloud-config.
[[0;32m  OK  [0m] Started LSB: Apache2 web server.
[[0;32m  OK  [0m] Reached target Multi-User System.
         Starting Execute cloud user/final scripts...
[[0;32m  OK  [0m] Reached target Graphical Interface.
         Starting Update UTMP about System Runlevel Changes...
[[0;32m  OK  [0m] Started Update UTMP about System Runlevel Changes.
[   15.195428] cloud-init[1501]: Cloud-init v. 18.4-0ubuntu1~16.04.2 running 'modules:final' at Wed, 07 Nov 2018 10:32:22 +0000. Up 15.03 seconds.
[   15.210386] cloud-init[1501]: Cloud-init v. 18.4-0ubuntu1~16.04.2 finished at Wed, 07 Nov 2018 10:32:22 +0000. Datasource DataSourceNoCloud [seed=/dev/sdb][dsmode=net].  Up 15.18 seconds
[[0;32m  OK  [0m] Started Execute cloud user/final scripts.
[[0;32m  OK  [0m] Reached target Cloud-init target.

Ubuntu 16.04.5 LTS ubuntu-xenial ttyS0

ubuntu-xenial login: 